[2017-02-25 22:24:18,466] INFO [Controller 0]: Controller starting up (kafka.controller.KafkaController)
[2017-02-25 22:24:18,555] INFO [Controller 0]: Broker 0 starting become controller state transition (kafka.controller.KafkaController)
[2017-02-25 22:24:18,601] INFO [Controller 0]: Controller 0 incremented epoch to 1 (kafka.controller.KafkaController)
[2017-02-25 22:24:18,602] DEBUG [Controller 0]: Registering IsrChangeNotificationListener (kafka.controller.KafkaController)
[2017-02-25 22:24:18,615] INFO [Controller 0]: Partitions undergoing preferred replica election:  (kafka.controller.KafkaController)
[2017-02-25 22:24:18,615] INFO [Controller 0]: Partitions that completed preferred replica election:  (kafka.controller.KafkaController)
[2017-02-25 22:24:18,616] INFO [Controller 0]: Resuming preferred replica election for partitions:  (kafka.controller.KafkaController)
[2017-02-25 22:24:18,618] INFO [Controller 0]: Partitions being reassigned: Map() (kafka.controller.KafkaController)
[2017-02-25 22:24:18,618] INFO [Controller 0]: Partitions already reassigned: List() (kafka.controller.KafkaController)
[2017-02-25 22:24:18,619] INFO [Controller 0]: Resuming reassignment of partitions: Map() (kafka.controller.KafkaController)
[2017-02-25 22:24:18,622] INFO [Controller 0]: List of topics to be deleted:  (kafka.controller.KafkaController)
[2017-02-25 22:24:18,622] INFO [Controller 0]: List of topics ineligible for deletion:  (kafka.controller.KafkaController)
[2017-02-25 22:24:18,625] INFO [Controller 0]: Currently active brokers in the cluster: Set() (kafka.controller.KafkaController)
[2017-02-25 22:24:18,625] INFO [Controller 0]: Currently shutting brokers in the cluster: Set() (kafka.controller.KafkaController)
[2017-02-25 22:24:18,626] INFO [Controller 0]: Current list of topics in the cluster: Set() (kafka.controller.KafkaController)
[2017-02-25 22:24:18,641] INFO [Replica state machine on controller 0]: Started replica state machine with initial state -> Map() (kafka.controller.ReplicaStateMachine)
[2017-02-25 22:24:18,664] INFO [Partition state machine on Controller 0]: Started partition state machine with initial state -> Map() (kafka.controller.PartitionStateMachine)
[2017-02-25 22:24:18,665] INFO [Controller 0]: Broker 0 is ready to serve as the new controller with epoch 1 (kafka.controller.KafkaController)
[2017-02-25 22:24:18,666] INFO [Controller 0]: Starting preferred replica leader election for partitions  (kafka.controller.KafkaController)
[2017-02-25 22:24:18,666] INFO [Partition state machine on Controller 0]: Invoking state change to OnlinePartition for partitions  (kafka.controller.PartitionStateMachine)
[2017-02-25 22:24:18,686] INFO [Controller 0]: starting the partition rebalance scheduler (kafka.controller.KafkaController)
[2017-02-25 22:24:18,687] INFO [Controller 0]: Controller startup complete (kafka.controller.KafkaController)
[2017-02-25 22:24:18,942] INFO [BrokerChangeListener on Controller 0]: Broker change listener fired for path /brokers/ids with children 0 (kafka.controller.ReplicaStateMachine$BrokerChangeListener)
[2017-02-25 22:24:19,068] INFO [BrokerChangeListener on Controller 0]: Newly added brokers: 0, deleted brokers: , all live brokers: 0 (kafka.controller.ReplicaStateMachine$BrokerChangeListener)
[2017-02-25 22:24:19,070] DEBUG [Channel manager on controller 0]: Controller 0 trying to connect to broker 0 (kafka.controller.ControllerChannelManager)
[2017-02-25 22:24:19,158] INFO [Controller-0-to-broker-0-send-thread], Starting  (kafka.controller.RequestSendThread)
[2017-02-25 22:24:19,158] INFO [Controller 0]: New broker startup callback for 0 (kafka.controller.KafkaController)
[2017-02-25 22:24:19,179] INFO [Controller-0-to-broker-0-send-thread], Controller 0 connected to deepak-Vostro-3546:9092 (id: 0 rack: null) for sending state change requests (kafka.controller.RequestSendThread)
[2017-02-25 22:24:23,694] TRACE [Controller 0]: checking need to trigger partition rebalance (kafka.controller.KafkaController)
[2017-02-25 22:24:23,696] DEBUG [Controller 0]: preferred replicas by broker Map() (kafka.controller.KafkaController)
[2017-02-25 22:29:23,686] TRACE [Controller 0]: checking need to trigger partition rebalance (kafka.controller.KafkaController)
[2017-02-25 22:29:23,768] DEBUG [Controller 0]: preferred replicas by broker Map() (kafka.controller.KafkaController)
[2017-02-25 22:29:28,717] INFO [Controller 0]: Shutting down broker 0 (kafka.controller.KafkaController)
[2017-02-25 22:29:28,718] DEBUG [Controller 0]: All shutting down brokers: 0 (kafka.controller.KafkaController)
[2017-02-25 22:29:28,718] DEBUG [Controller 0]: Live brokers:  (kafka.controller.KafkaController)
[2017-02-25 22:29:28,738] TRACE [Controller 0]: All leaders =  (kafka.controller.KafkaController)
[2017-02-25 22:29:30,289] DEBUG [Controller 0]: Controller resigning, broker id 0 (kafka.controller.KafkaController)
[2017-02-25 22:29:30,299] DEBUG [Controller 0]: De-registering IsrChangeNotificationListener (kafka.controller.KafkaController)
[2017-02-25 22:29:30,301] INFO [Partition state machine on Controller 0]: Stopped partition state machine (kafka.controller.PartitionStateMachine)
[2017-02-25 22:29:30,301] INFO [Replica state machine on controller 0]: Stopped replica state machine (kafka.controller.ReplicaStateMachine)
[2017-02-25 22:29:30,309] INFO [Controller-0-to-broker-0-send-thread], Shutting down (kafka.controller.RequestSendThread)
[2017-02-25 22:29:30,309] INFO [Controller-0-to-broker-0-send-thread], Stopped  (kafka.controller.RequestSendThread)
[2017-02-25 22:29:30,309] INFO [Controller-0-to-broker-0-send-thread], Shutdown completed (kafka.controller.RequestSendThread)
[2017-02-25 22:29:30,309] INFO [Controller 0]: Broker 0 resigned as the controller (kafka.controller.KafkaController)
